<?xml version="1.0" encoding="UTF-8"?>
<!-- Generated by org.testng.reporters.JUnitReportReporter -->
<testsuite hostname="DESKTOP-9CD2EMJ" name="testng.Test_for_Chrome" tests="1" failures="0" timestamp="26 Mar 2019 00:02:18 GMT" time="0.010" errors="0">
  <testcase name="login" time="0.010" classname="testng.Test_for_Chrome"/>
</testsuite> <!-- testng.Test_for_Chrome -->
