<?xml version="1.0" encoding="UTF-8"?>
<!-- Generated by org.testng.reporters.JUnitReportReporter -->
<testsuite hostname="DESKTOP-9CD2EMJ" name="hybread_package.Excel_Testable_class" tests="2" failures="0" timestamp="15 Jan 2019 13:59:37 GMT" time="19.395" errors="0">
  <testcase name="Application" time="18.037" classname="hybread_package.Excel_Testable_class"/>
  <testcase name="Admin_login" time="1.358" classname="hybread_package.Excel_Testable_class"/>
</testsuite> <!-- hybread_package.Excel_Testable_class -->
