<?xml version="1.0" encoding="UTF-8"?>
<!-- Generated by org.testng.reporters.JUnitReportReporter -->
<testsuite hostname="DESKTOP-9CD2EMJ" name="testng.TestSuite" tests="3" failures="0" timestamp="26 Mar 2019 00:05:43 GMT" time="0.019" errors="0">
  <testcase name="tc006" time="0.006" classname="testng.TestSuite"/>
  <testcase name="tc005" time="0.003" classname="testng.TestSuite"/>
  <testcase name="tc004" time="0.010" classname="testng.TestSuite"/>
</testsuite> <!-- testng.TestSuite -->
